d:\my.soft.dev\innovaprojects\zedgraphwrapper\debug\vc120.pdb
d:\my.soft.dev\innovaprojects\zedgraphwrapper\debug\xygraph.obj
d:\my.soft.dev\innovaprojects\zedgraphwrapper\debug\interface.obj
d:\my.soft.dev\innovaprojects\zedgraphwrapper\debug\errorcodes.obj
d:\my.soft.dev\innovaprojects\zedgraphwrapper\debug\.netframework,version=v4.0.assemblyattributes.obj
d:\my.soft.dev\innovaprojects\zedgraphtester\debug\zedgraphwrapper.dll
d:\my.soft.dev\innovaprojects\zedgraphtester\debug\zedgraphwrapper.pdb
d:\my.soft.dev\innovaprojects\zedgraphwrapper\debug\zedgraphwrapper.res
d:\my.soft.dev\innovaprojects\zedgraphtester\debug\zedgraph.dll
d:\my.soft.dev\innovaprojects\zedgraphtester\debug\zedgraphwrapper.lib
d:\my.soft.dev\innovaprojects\zedgraphtester\debug\zedgraphwrapper.exp
d:\my.soft.dev\innovaprojects\zedgraphwrapper\debug\zedgraphwrapper.vcxprojresolveassemblyreference.cache
d:\my.soft.dev\innovaprojects\zedgraphwrapper\debug\zedgraphwrapper.tlog\cl.command.1.tlog
d:\my.soft.dev\innovaprojects\zedgraphwrapper\debug\zedgraphwrapper.tlog\cl.read.1.tlog
d:\my.soft.dev\innovaprojects\zedgraphwrapper\debug\zedgraphwrapper.tlog\cl.write.1.tlog
d:\my.soft.dev\innovaprojects\zedgraphwrapper\debug\zedgraphwrapper.tlog\link.command.1.tlog
d:\my.soft.dev\innovaprojects\zedgraphwrapper\debug\zedgraphwrapper.tlog\link.read.1.tlog
d:\my.soft.dev\innovaprojects\zedgraphwrapper\debug\zedgraphwrapper.tlog\link.write.1.tlog
d:\my.soft.dev\innovaprojects\zedgraphwrapper\debug\zedgraphwrapper.tlog\metagen.read.1.tlog
d:\my.soft.dev\innovaprojects\zedgraphwrapper\debug\zedgraphwrapper.tlog\metagen.write.1.tlog
d:\my.soft.dev\innovaprojects\zedgraphwrapper\debug\zedgraphwrapper.tlog\rc.command.1.tlog
d:\my.soft.dev\innovaprojects\zedgraphwrapper\debug\zedgraphwrapper.tlog\rc.read.1.tlog
d:\my.soft.dev\innovaprojects\zedgraphwrapper\debug\zedgraphwrapper.tlog\rc.write.1.tlog
d:\my.soft.dev\innovaprojects\zedgraphwrapper\debug\zedgraphwrapper.tlog\zedgraphwrapper.write.1u.tlog
d:\my.soft.dev\innovaprojects\zedgraphwrapper\debug\zedgraphwrapper.tlog\rsaenh.dll.bi
d:\my.soft.dev\innovaprojects\zedgraphwrapper\debug\zedgraphwrapper.tlog\tzres.dll.bi
